host IP:  192.168.31.3 ipv4 mac manufacturer:  []
host IP:  00:0C:29:42:FC:FE mac mac manufacturer: VMware []
Match no 1
class 1 : Type=general purpose {Vendor:Microsoft OSGeneration:2016 Type:general purpose Accuracy:90 Family:Windows CPEs:[cpe:/o:microsoft:windows_server_2016]}
os type :  0x4c51c0
Match no 2
class 1 : Type=general purpose {Vendor:Microsoft OSGeneration:2012 Type:general purpose Accuracy:85 Family:Windows CPEs:[cpe:/o:microsoft:windows_server_2012:r2]}
os type :  0x4c51c0
Match no 3
class 1 : Type=general purpose {Vendor:Microsoft OSGeneration:2012 Type:general purpose Accuracy:85 Family:Windows CPEs:[cpe:/o:microsoft:windows_server_2012:r2]}
os type :  0x4c51c0
Match no 4
class 1 : Type=general purpose {Vendor:Microsoft OSGeneration:2008 Type:general purpose Accuracy:85 Family:Windows CPEs:[cpe:/o:microsoft:windows_server_2008:r2]}
os type :  0x4c51c0

host IP:  192.168.31.4 ipv4 mac manufacturer:  []
host IP:  00:0C:29:54:4E:83 mac mac manufacturer: VMware []
Match no 1
class 1 : Type=general purpose {Vendor:Microsoft OSGeneration:2016 Type:general purpose Accuracy:96 Family:Windows CPEs:[cpe:/o:microsoft:windows_server_2016]}
os type :  0x4c51c0
Match no 2
class 1 : Type=general purpose {Vendor:Microsoft OSGeneration:2012 Type:general purpose Accuracy:95 Family:Windows CPEs:[cpe:/o:microsoft:windows_server_2012:r2]}
os type :  0x4c51c0
Match no 3
class 1 : Type=general purpose {Vendor:Microsoft OSGeneration:2016 Type:general purpose Accuracy:94 Family:Windows CPEs:[cpe:/o:microsoft:windows_server_2016]}
os type :  0x4c51c0
Match no 4
class 1 : Type=general purpose {Vendor:Microsoft OSGeneration:2012 Type:general purpose Accuracy:93 Family:Windows CPEs:[cpe:/o:microsoft:windows_server_2012:- cpe:/o:microsoft:windows_server_2012:r2]}
os type :  0x4c51c0
Match no 5
class 1 : Type=general purpose {Vendor:Microsoft OSGeneration:10 Type:general purpose Accuracy:92 Family:Windows CPEs:[cpe:/o:microsoft:windows_10]}
os type :  0x4c51c0
Match no 6
class 1 : Type=general purpose {Vendor:Microsoft OSGeneration:10 Type:general purpose Accuracy:91 Family:Windows CPEs:[cpe:/o:microsoft:windows_10:1507]}
os type :  0x4c51c0
Match no 7
class 1 : Type=general purpose {Vendor:Microsoft OSGeneration:10 Type:general purpose Accuracy:91 Family:Windows CPEs:[cpe:/o:microsoft:windows_10]}
os type :  0x4c51c0
Match no 8
class 1 : Type=general purpose {Vendor:Microsoft OSGeneration:10 Type:general purpose Accuracy:91 Family:Windows CPEs:[cpe:/o:microsoft:windows_10:1511]}
os type :  0x4c51c0
Match no 9
class 1 : Type=general purpose {Vendor:Microsoft OSGeneration:2012 Type:general purpose Accuracy:91 Family:Windows CPEs:[cpe:/o:microsoft:windows_server_2012]}
os type :  0x4c51c0
Match no 10
class 1 : Type=general purpose {Vendor:Microsoft OSGeneration:2012 Type:general purpose Accuracy:91 Family:Windows CPEs:[cpe:/o:microsoft:windows_server_2012:r2]}
os type :  0x4c51c0

host IP:  192.168.31.6 ipv4 mac manufacturer:  []
host IP:  50:7B:9D:89:24:C8 mac mac manufacturer: Lcfc(hefei) Electronics Technology []
Match no 1
class 1 : Type=specialized {Vendor:Microsoft OSGeneration:10 Type:specialized Accuracy:89 Family:Windows CPEs:[cpe:/o:microsoft:windows_10:1511]}
os type :  0x4c51c0
Match no 2
class 1 : Type=general purpose {Vendor:Microsoft OSGeneration:7 Type:general purpose Accuracy:89 Family:Windows CPEs:[cpe:/o:microsoft:windows_7::sp1]}
os type :  0x4c51c0
Match no 3
class 1 : Type=general purpose {Vendor:Microsoft OSGeneration:7 Type:general purpose Accuracy:89 Family:Windows CPEs:[cpe:/o:microsoft:windows_7::sp1]}
os type :  0x4c51c0
Match no 4
class 1 : Type=general purpose {Vendor:Microsoft OSGeneration:Vista Type:general purpose Accuracy:89 Family:Windows CPEs:[cpe:/o:microsoft:windows_vista::sp1:home_premium]}
os type :  0x4c51c0
class 2 : Type=general purpose {Vendor:Microsoft OSGeneration:7 Type:general purpose Accuracy:89 Family:Windows CPEs:[cpe:/o:microsoft:windows_7]}
os type :  0x4c51c0
class 3 : Type=general purpose {Vendor:Microsoft OSGeneration:2008 Type:general purpose Accuracy:89 Family:Windows CPEs:[cpe:/o:microsoft:windows_server_2008]}
os type :  0x4c51c0
Match no 5
class 1 : Type=general purpose {Vendor:Microsoft OSGeneration:7 Type:general purpose Accuracy:88 Family:Windows CPEs:[cpe:/o:microsoft:windows_7::sp1]}
os type :  0x4c51c0
class 2 : Type=general purpose {Vendor:Microsoft OSGeneration:2008 Type:general purpose Accuracy:88 Family:Windows CPEs:[cpe:/o:microsoft:windows_server_2008::sp2]}
os type :  0x4c51c0
Match no 6
class 1 : Type=general purpose {Vendor:Microsoft OSGeneration:2012 Type:general purpose Accuracy:88 Family:Windows CPEs:[cpe:/o:microsoft:windows_server_2012:r2]}
os type :  0x4c51c0
Match no 7
class 1 : Type=general purpose {Vendor:Microsoft OSGeneration:Vista Type:general purpose Accuracy:87 Family:Windows CPEs:[cpe:/o:microsoft:windows_vista::sp1]}
os type :  0x4c51c0
Match no 8
class 1 : Type=general purpose {Vendor:Microsoft OSGeneration:10 Type:general purpose Accuracy:87 Family:Windows CPEs:[cpe:/o:microsoft:windows_10:1703]}
os type :  0x4c51c0
Match no 9
class 1 : Type=general purpose {Vendor:Microsoft OSGeneration:XP Type:general purpose Accuracy:87 Family:Windows CPEs:[cpe:/o:microsoft:windows_xp::sp2]}
os type :  0x4c51c0
Match no 10
class 1 : Type=general purpose {Vendor:Microsoft OSGeneration:10 Type:general purpose Accuracy:87 Family:Windows CPEs:[cpe:/o:microsoft:windows_10:1607]}
os type :  0x4c51c0

host IP:  192.168.31.14 ipv4 mac manufacturer:  []
host IP:  98:FA:9B:BF:95:C3 mac mac manufacturer: Lcfc(hefei) Electronics Technology []
Match no 1
class 1 : Type=general purpose {Vendor:Microsoft OSGeneration:2008 Type:general purpose Accuracy:85 Family:Windows CPEs:[cpe:/o:microsoft:windows_server_2008::sp1 cpe:/o:microsoft:windows_server_2008:r2]}
os type :  0x4c51c0

host IP:  192.168.31.17 ipv4 mac manufacturer:  []
host IP:  00:0C:29:A0:EF:63 mac mac manufacturer: VMware []
Match no 1
class 1 : Type=general purpose {Vendor:Microsoft OSGeneration:2012 Type:general purpose Accuracy:90 Family:Windows CPEs:[cpe:/o:microsoft:windows_server_2012:- cpe:/o:microsoft:windows_server_2012:r2]}
os type :  0x4c51c0
Match no 2
class 1 : Type=general purpose {Vendor:Microsoft OSGeneration:2012 Type:general purpose Accuracy:90 Family:Windows CPEs:[cpe:/o:microsoft:windows_server_2012:r2]}
os type :  0x4c51c0
Match no 3
class 1 : Type=general purpose {Vendor:Microsoft OSGeneration:10 Type:general purpose Accuracy:90 Family:Windows CPEs:[cpe:/o:microsoft:windows_10:1703]}
os type :  0x4c51c0
Match no 4
class 1 : Type=general purpose {Vendor:Microsoft OSGeneration:2008 Type:general purpose Accuracy:90 Family:Windows CPEs:[cpe:/o:microsoft:windows_server_2008:r2]}
os type :  0x4c51c0
Match no 5
class 1 : Type=general purpose {Vendor:Microsoft OSGeneration:2012 Type:general purpose Accuracy:90 Family:Windows CPEs:[cpe:/o:microsoft:windows_server_2012]}
os type :  0x4c51c0
Match no 6
class 1 : Type=general purpose {Vendor:Microsoft OSGeneration:Longhorn Type:general purpose Accuracy:89 Family:Windows CPEs:[cpe:/o:microsoft:windows]}
os type :  0x4c51c0
Match no 7
class 1 : Type=general purpose {Vendor:Microsoft OSGeneration:Vista Type:general purpose Accuracy:89 Family:Windows CPEs:[cpe:/o:microsoft:windows_vista::sp1]}
os type :  0x4c51c0
Match no 8
class 1 : Type=general purpose {Vendor:Microsoft OSGeneration:2016 Type:general purpose Accuracy:89 Family:Windows CPEs:[cpe:/o:microsoft:windows_server_2016]}
os type :  0x4c51c0
Match no 9
class 1 : Type=general purpose {Vendor:Microsoft OSGeneration:2012 Type:general purpose Accuracy:88 Family:Windows CPEs:[cpe:/o:microsoft:windows_server_2012:r2]}
os type :  0x4c51c0
Match no 10
class 1 : Type=general purpose {Vendor:Microsoft OSGeneration:2016 Type:general purpose Accuracy:88 Family:Windows CPEs:[cpe:/o:microsoft:windows_server_2016]}
os type :  0x4c51c0

host IP:  192.168.31.24 ipv4 mac manufacturer:  []
host IP:  00:0C:29:EA:50:62 mac mac manufacturer: VMware []
Match no 1
class 1 : Type=general purpose {Vendor:FreeBSD OSGeneration:6.X Type:general purpose Accuracy:85 Family:FreeBSD CPEs:[cpe:/o:freebsd:freebsd:6.2]}

host IP:  192.168.31.26 ipv4 mac manufacturer:  []
host IP:  00:0C:29:65:B2:29 mac mac manufacturer: VMware []

host IP:  192.168.31.28 ipv4 mac manufacturer:  []
host IP:  00:0C:29:A0:01:1B mac mac manufacturer: VMware []
Match no 1
class 1 : Type=general purpose {Vendor:Microsoft OSGeneration:2016 Type:general purpose Accuracy:95 Family:Windows CPEs:[cpe:/o:microsoft:windows_server_2016]}
os type :  0x4c51c0
Match no 2
class 1 : Type=general purpose {Vendor:Microsoft OSGeneration:2012 Type:general purpose Accuracy:95 Family:Windows CPEs:[cpe:/o:microsoft:windows_server_2012:r2]}
os type :  0x4c51c0
Match no 3
class 1 : Type=general purpose {Vendor:Microsoft OSGeneration:2016 Type:general purpose Accuracy:94 Family:Windows CPEs:[cpe:/o:microsoft:windows_server_2016]}
os type :  0x4c51c0
Match no 4
class 1 : Type=general purpose {Vendor:Microsoft OSGeneration:10 Type:general purpose Accuracy:93 Family:Windows CPEs:[cpe:/o:microsoft:windows_10]}
os type :  0x4c51c0
Match no 5
class 1 : Type=general purpose {Vendor:Microsoft OSGeneration:2012 Type:general purpose Accuracy:93 Family:Windows CPEs:[cpe:/o:microsoft:windows_server_2012:- cpe:/o:microsoft:windows_server_2012:r2]}
os type :  0x4c51c0
Match no 6
class 1 : Type=general purpose {Vendor:Microsoft OSGeneration:10 Type:general purpose Accuracy:91 Family:Windows CPEs:[cpe:/o:microsoft:windows_10:1507]}
os type :  0x4c51c0
Match no 7
class 1 : Type=general purpose {Vendor:Microsoft OSGeneration:10 Type:general purpose Accuracy:91 Family:Windows CPEs:[cpe:/o:microsoft:windows_10]}
os type :  0x4c51c0
Match no 8
class 1 : Type=general purpose {Vendor:Microsoft OSGeneration:2012 Type:general purpose Accuracy:91 Family:Windows CPEs:[cpe:/o:microsoft:windows_server_2012]}
os type :  0x4c51c0
Match no 9
class 1 : Type=general purpose {Vendor:Microsoft OSGeneration:2012 Type:general purpose Accuracy:91 Family:Windows CPEs:[cpe:/o:microsoft:windows_server_2012:r2]}
os type :  0x4c51c0
Match no 10
class 1 : Type=general purpose {Vendor:Microsoft OSGeneration:7 Type:general purpose Accuracy:91 Family:Windows CPEs:[cpe:/o:microsoft:windows_7:::ultimate]}
os type :  0x4c51c0
class 2 : Type=general purpose {Vendor:Microsoft OSGeneration:2012 Type:general purpose Accuracy:91 Family:Windows CPEs:[cpe:/o:microsoft:windows_2012]}
os type :  0x4c51c0
class 3 : Type=general purpose {Vendor:Microsoft OSGeneration:8.1 Type:general purpose Accuracy:91 Family:Windows CPEs:[cpe:/o:microsoft:windows_8.1]}
os type :  0x4c51c0

host IP:  192.168.31.30 ipv4 mac manufacturer:  []
host IP:  00:0C:29:5E:F3:3F mac mac manufacturer: VMware []
Match no 1
class 1 : Type=general purpose {Vendor:Linux OSGeneration:3.X Type:general purpose Accuracy:95 Family:Linux CPEs:[cpe:/o:linux:linux_kernel:3]}
class 2 : Type=general purpose {Vendor:Linux OSGeneration:4.X Type:general purpose Accuracy:95 Family:Linux CPEs:[cpe:/o:linux:linux_kernel:4]}
Match no 2
class 1 : Type=general purpose {Vendor:Linux OSGeneration:3.X Type:general purpose Accuracy:95 Family:Linux CPEs:[cpe:/o:linux:linux_kernel:3.16]}
Match no 3
class 1 : Type=general purpose {Vendor:Linux OSGeneration:3.X Type:general purpose Accuracy:95 Family:Linux CPEs:[cpe:/o:linux:linux_kernel:3.18]}
Match no 4
class 1 : Type=WAP {Vendor:Asus OSGeneration: Type:WAP Accuracy:95 Family:embedded CPEs:[cpe:/h:asus:rt-n56u]}
class 2 : Type=WAP {Vendor:Linux OSGeneration:3.X Type:WAP Accuracy:95 Family:Linux CPEs:[cpe:/o:linux:linux_kernel:3.4]}
Match no 5
class 1 : Type=general purpose {Vendor:Linux OSGeneration:3.X Type:general purpose Accuracy:93 Family:Linux CPEs:[cpe:/o:linux:linux_kernel:3.1]}
Match no 6
class 1 : Type=general purpose {Vendor:Linux OSGeneration:3.X Type:general purpose Accuracy:93 Family:Linux CPEs:[cpe:/o:linux:linux_kernel:3.2]}
Match no 7
class 1 : Type=general purpose {Vendor:Linux OSGeneration:3.X Type:general purpose Accuracy:93 Family:Linux CPEs:[cpe:/o:linux:linux_kernel:3]}
class 2 : Type=general purpose {Vendor:Linux OSGeneration:4.X Type:general purpose Accuracy:93 Family:Linux CPEs:[cpe:/o:linux:linux_kernel:4]}
Match no 8
class 1 : Type=general purpose {Vendor:Linux OSGeneration:3.X Type:general purpose Accuracy:93 Family:Linux CPEs:[cpe:/o:linux:linux_kernel:3.12]}
Match no 9
class 1 : Type=general purpose {Vendor:Linux OSGeneration:3.X Type:general purpose Accuracy:93 Family:Linux CPEs:[cpe:/o:linux:linux_kernel:3.13]}
Match no 10
class 1 : Type=general purpose {Vendor:Linux OSGeneration:3.X Type:general purpose Accuracy:93 Family:Linux CPEs:[cpe:/o:linux:linux_kernel:3]}

host IP:  192.168.31.47 ipv4 mac manufacturer:  []
host IP:  00:0C:29:CC:53:AE mac mac manufacturer: VMware []
Match no 1
class 1 : Type=general purpose {Vendor:Linux OSGeneration:2.6.X Type:general purpose Accuracy:95 Family:Linux CPEs:[cpe:/o:linux:linux_kernel:2.6.32]}
Match no 2
class 1 : Type=general purpose {Vendor:Linux OSGeneration:3.X Type:general purpose Accuracy:95 Family:Linux CPEs:[cpe:/o:linux:linux_kernel:3.1]}
Match no 3
class 1 : Type=general purpose {Vendor:Linux OSGeneration:3.X Type:general purpose Accuracy:95 Family:Linux CPEs:[cpe:/o:linux:linux_kernel:3.2]}
Match no 4
class 1 : Type=webcam {Vendor:Linux OSGeneration:2.6.X Type:webcam Accuracy:94 Family:Linux CPEs:[cpe:/o:linux:linux_kernel:2.6.17]}
class 2 : Type=webcam {Vendor:AXIS OSGeneration: Type:webcam Accuracy:94 Family:embedded CPEs:[cpe:/h:axis:210a_network_camera cpe:/h:axis:211_network_camera]}
Match no 5
class 1 : Type=WAP {Vendor:Asus OSGeneration: Type:WAP Accuracy:93 Family:embedded CPEs:[cpe:/h:asus:rt-n56u]}
class 2 : Type=WAP {Vendor:Linux OSGeneration:3.X Type:WAP Accuracy:93 Family:Linux CPEs:[cpe:/o:linux:linux_kernel:3.4]}
Match no 6
class 1 : Type=general purpose {Vendor:Linux OSGeneration:3.X Type:general purpose Accuracy:93 Family:Linux CPEs:[cpe:/o:linux:linux_kernel:3.16]}
Match no 7
class 1 : Type=general purpose {Vendor:Linux OSGeneration:2.6.X Type:general purpose Accuracy:92 Family:Linux CPEs:[cpe:/o:linux:linux_kernel:2.6]}
class 2 : Type=general purpose {Vendor:Linux OSGeneration:3.X Type:general purpose Accuracy:92 Family:Linux CPEs:[cpe:/o:linux:linux_kernel:3]}
Match no 8
class 1 : Type=general purpose {Vendor:Linux OSGeneration:3.X Type:general purpose Accuracy:92 Family:Linux CPEs:[cpe:/o:linux:linux_kernel:3]}
Match no 9
class 1 : Type=general purpose {Vendor:Linux OSGeneration:3.X Type:general purpose Accuracy:92 Family:Linux CPEs:[cpe:/o:linux:linux_kernel:3]}
class 2 : Type=general purpose {Vendor:Linux OSGeneration:4.X Type:general purpose Accuracy:92 Family:Linux CPEs:[cpe:/o:linux:linux_kernel:4]}
Match no 10
class 1 : Type=general purpose {Vendor:Linux OSGeneration:3.X Type:general purpose Accuracy:92 Family:Linux CPEs:[cpe:/o:linux:linux_kernel:3.5]}

host IP:  192.168.31.54 ipv4 mac manufacturer:  []
host IP:  00:0C:29:11:74:CC mac mac manufacturer: VMware []
Match no 1
class 1 : Type=general purpose {Vendor:Microsoft OSGeneration:2016 Type:general purpose Accuracy:91 Family:Windows CPEs:[cpe:/o:microsoft:windows_server_2016]}
os type :  0x4c51c0
Match no 2
class 1 : Type=general purpose {Vendor:Microsoft OSGeneration:2012 Type:general purpose Accuracy:85 Family:Windows CPEs:[cpe:/o:microsoft:windows_server_2012]}
os type :  0x4c51c0
Match no 3
class 1 : Type=general purpose {Vendor:Microsoft OSGeneration:2012 Type:general purpose Accuracy:85 Family:Windows CPEs:[cpe:/o:microsoft:windows_server_2012:r2]}
os type :  0x4c51c0
Match no 4
class 1 : Type=general purpose {Vendor:Microsoft OSGeneration:2012 Type:general purpose Accuracy:85 Family:Windows CPEs:[cpe:/o:microsoft:windows_server_2012:r2]}
os type :  0x4c51c0
Match no 5
class 1 : Type=general purpose {Vendor:Microsoft OSGeneration:2008 Type:general purpose Accuracy:85 Family:Windows CPEs:[cpe:/o:microsoft:windows_server_2008:r2]}
os type :  0x4c51c0
Match no 6
class 1 : Type=general purpose {Vendor:Microsoft OSGeneration:10 Type:general purpose Accuracy:85 Family:Windows CPEs:[cpe:/o:microsoft:windows_10:1607]}
os type :  0x4c51c0

host IP:  192.168.31.66 ipv4 mac manufacturer:  []
host IP:  00:0C:29:D3:F5:1B mac mac manufacturer: VMware []
Match no 1
class 1 : Type=general purpose {Vendor:Microsoft OSGeneration:2012 Type:general purpose Accuracy:90 Family:Windows CPEs:[cpe:/o:microsoft:windows_server_2012]}
os type :  0x4c51c0
Match no 2
class 1 : Type=general purpose {Vendor:Microsoft OSGeneration:2012 Type:general purpose Accuracy:90 Family:Windows CPEs:[cpe:/o:microsoft:windows_server_2012:- cpe:/o:microsoft:windows_server_2012:r2]}
os type :  0x4c51c0
Match no 3
class 1 : Type=general purpose {Vendor:Microsoft OSGeneration:2012 Type:general purpose Accuracy:90 Family:Windows CPEs:[cpe:/o:microsoft:windows_server_2012:r2]}
os type :  0x4c51c0
Match no 4
class 1 : Type=general purpose {Vendor:Microsoft OSGeneration:2016 Type:general purpose Accuracy:90 Family:Windows CPEs:[cpe:/o:microsoft:windows_server_2016]}
os type :  0x4c51c0
Match no 5
class 1 : Type=general purpose {Vendor:Microsoft OSGeneration:10 Type:general purpose Accuracy:90 Family:Windows CPEs:[cpe:/o:microsoft:windows_10:1703]}
os type :  0x4c51c0
Match no 6
class 1 : Type=general purpose {Vendor:Microsoft OSGeneration:2008 Type:general purpose Accuracy:90 Family:Windows CPEs:[cpe:/o:microsoft:windows_server_2008:r2]}
os type :  0x4c51c0
Match no 7
class 1 : Type=general purpose {Vendor:Microsoft OSGeneration:Vista Type:general purpose Accuracy:90 Family:Windows CPEs:[cpe:/o:microsoft:windows_vista::sp1]}
os type :  0x4c51c0
Match no 8
class 1 : Type=general purpose {Vendor:Microsoft OSGeneration:Longhorn Type:general purpose Accuracy:89 Family:Windows CPEs:[cpe:/o:microsoft:windows]}
os type :  0x4c51c0
Match no 9
class 1 : Type=general purpose {Vendor:Microsoft OSGeneration:2012 Type:general purpose Accuracy:88 Family:Windows CPEs:[cpe:/o:microsoft:windows_server_2012:r2]}
os type :  0x4c51c0
Match no 10
class 1 : Type=general purpose {Vendor:Microsoft OSGeneration:2016 Type:general purpose Accuracy:88 Family:Windows CPEs:[cpe:/o:microsoft:windows_server_2016]}
os type :  0x4c51c0

host IP:  192.168.31.74 ipv4 mac manufacturer:  []
host IP:  00:0C:29:95:E1:7F mac mac manufacturer: VMware []

host IP:  192.168.31.80 ipv4 mac manufacturer:  []
host IP:  00:0C:29:0B:B7:F9 mac mac manufacturer: VMware []

host IP:  192.168.31.84 ipv4 mac manufacturer:  []
host IP:  00:0C:29:DD:B0:98 mac mac manufacturer: VMware []

host IP:  192.168.31.88 ipv4 mac manufacturer:  []
host IP:  00:0C:29:8F:50:7D mac mac manufacturer: VMware []
Match no 1
class 1 : Type=general purpose {Vendor:Microsoft OSGeneration:10 Type:general purpose Accuracy:90 Family:Windows CPEs:[cpe:/o:microsoft:windows_10:1703]}
os type :  0x4c51c0
Match no 2
class 1 : Type=general purpose {Vendor:Microsoft OSGeneration:2012 Type:general purpose Accuracy:90 Family:Windows CPEs:[cpe:/o:microsoft:windows_server_2012]}
os type :  0x4c51c0
Match no 3
class 1 : Type=general purpose {Vendor:Microsoft OSGeneration:Vista Type:general purpose Accuracy:90 Family:Windows CPEs:[cpe:/o:microsoft:windows_vista::sp1]}
os type :  0x4c51c0
Match no 4
class 1 : Type=general purpose {Vendor:Microsoft OSGeneration:2012 Type:general purpose Accuracy:89 Family:Windows CPEs:[cpe:/o:microsoft:windows_server_2012:- cpe:/o:microsoft:windows_server_2012:r2]}
os type :  0x4c51c0
Match no 5
class 1 : Type=general purpose {Vendor:Microsoft OSGeneration:2012 Type:general purpose Accuracy:89 Family:Windows CPEs:[cpe:/o:microsoft:windows_server_2012:r2]}
os type :  0x4c51c0
Match no 6
class 1 : Type=general purpose {Vendor:Microsoft OSGeneration:2016 Type:general purpose Accuracy:89 Family:Windows CPEs:[cpe:/o:microsoft:windows_server_2016]}
os type :  0x4c51c0
Match no 7
class 1 : Type=general purpose {Vendor:Microsoft OSGeneration:2008 Type:general purpose Accuracy:88 Family:Windows CPEs:[cpe:/o:microsoft:windows_server_2008:r2]}
os type :  0x4c51c0
Match no 8
class 1 : Type=general purpose {Vendor:Microsoft OSGeneration:2012 Type:general purpose Accuracy:88 Family:Windows CPEs:[cpe:/o:microsoft:windows_server_2012:r2]}
os type :  0x4c51c0
Match no 9
class 1 : Type=general purpose {Vendor:Microsoft OSGeneration:2016 Type:general purpose Accuracy:88 Family:Windows CPEs:[cpe:/o:microsoft:windows_server_2016]}
os type :  0x4c51c0
Match no 10
class 1 : Type=general purpose {Vendor:Microsoft OSGeneration:7 Type:general purpose Accuracy:88 Family:Windows CPEs:[cpe:/o:microsoft:windows_7:::ultimate]}
os type :  0x4c51c0
class 2 : Type=general purpose {Vendor:Microsoft OSGeneration:2012 Type:general purpose Accuracy:88 Family:Windows CPEs:[cpe:/o:microsoft:windows_2012]}
os type :  0x4c51c0
class 3 : Type=general purpose {Vendor:Microsoft OSGeneration:8.1 Type:general purpose Accuracy:88 Family:Windows CPEs:[cpe:/o:microsoft:windows_8.1]}
os type :  0x4c51c0

host IP:  192.168.31.98 ipv4 mac manufacturer:  []
host IP:  00:0C:29:31:83:4A mac mac manufacturer: VMware []

host IP:  192.168.31.99 ipv4 mac manufacturer:  []
host IP:  00:0C:29:54:08:A4 mac mac manufacturer: VMware []
Match no 1
class 1 : Type=general purpose {Vendor:Linux OSGeneration:3.X Type:general purpose Accuracy:95 Family:Linux CPEs:[cpe:/o:linux:linux_kernel:3.18]}
Match no 2
class 1 : Type=general purpose {Vendor:Linux OSGeneration:3.X Type:general purpose Accuracy:95 Family:Linux CPEs:[cpe:/o:linux:linux_kernel:3]}
class 2 : Type=general purpose {Vendor:Linux OSGeneration:4.X Type:general purpose Accuracy:95 Family:Linux CPEs:[cpe:/o:linux:linux_kernel:4]}
Match no 3
class 1 : Type=general purpose {Vendor:Linux OSGeneration:3.X Type:general purpose Accuracy:95 Family:Linux CPEs:[cpe:/o:linux:linux_kernel:3.16]}
Match no 4
class 1 : Type=WAP {Vendor:Asus OSGeneration: Type:WAP Accuracy:95 Family:embedded CPEs:[cpe:/h:asus:rt-n56u]}
class 2 : Type=WAP {Vendor:Linux OSGeneration:3.X Type:WAP Accuracy:95 Family:Linux CPEs:[cpe:/o:linux:linux_kernel:3.4]}
Match no 5
class 1 : Type=general purpose {Vendor:Linux OSGeneration:3.X Type:general purpose Accuracy:95 Family:Linux CPEs:[cpe:/o:linux:linux_kernel:3.1]}
Match no 6
class 1 : Type=general purpose {Vendor:Linux OSGeneration:3.X Type:general purpose Accuracy:95 Family:Linux CPEs:[cpe:/o:linux:linux_kernel:3.2]}
Match no 7
class 1 : Type=webcam {Vendor:Linux OSGeneration:2.6.X Type:webcam Accuracy:94 Family:Linux CPEs:[cpe:/o:linux:linux_kernel:2.6.17]}
class 2 : Type=webcam {Vendor:AXIS OSGeneration: Type:webcam Accuracy:94 Family:embedded CPEs:[cpe:/h:axis:210a_network_camera cpe:/h:axis:211_network_camera]}
Match no 8
class 1 : Type=general purpose {Vendor:Linux OSGeneration:3.X Type:general purpose Accuracy:93 Family:Linux CPEs:[cpe:/o:linux:linux_kernel:3]}
class 2 : Type=general purpose {Vendor:Linux OSGeneration:4.X Type:general purpose Accuracy:93 Family:Linux CPEs:[cpe:/o:linux:linux_kernel:4]}
Match no 9
class 1 : Type=general purpose {Vendor:Linux OSGeneration:3.X Type:general purpose Accuracy:92 Family:Linux CPEs:[cpe:/o:linux:linux_kernel:3.13]}
Match no 10
class 1 : Type=general purpose {Vendor:Linux OSGeneration:4.X Type:general purpose Accuracy:92 Family:Linux CPEs:[cpe:/o:linux:linux_kernel:4.4.2]}

host IP:  192.168.31.104 ipv4 mac manufacturer:  []
host IP:  E8:6A:64:E7:E0:3C mac mac manufacturer: Lcfc(hefei) Electronics Technology []
Match no 1
class 1 : Type=general purpose {Vendor:Microsoft OSGeneration:2008 Type:general purpose Accuracy:85 Family:Windows CPEs:[cpe:/o:microsoft:windows_server_2008::sp1 cpe:/o:microsoft:windows_server_2008:r2]}
os type :  0x4c51c0

host IP:  192.168.31.106 ipv4 mac manufacturer:  []
host IP:  00:0C:29:0A:1E:27 mac mac manufacturer: VMware []

host IP:  192.168.31.116 ipv4 mac manufacturer:  []
host IP:  00:0C:29:65:B2:33 mac mac manufacturer: VMware []

host IP:  192.168.31.121 ipv4 mac manufacturer:  []
host IP:  00:0C:29:71:C5:C7 mac mac manufacturer: VMware []
Match no 1
class 1 : Type=general purpose {Vendor:Linux OSGeneration:3.X Type:general purpose Accuracy:92 Family:Linux CPEs:[cpe:/o:linux:linux_kernel:3]}
class 2 : Type=general purpose {Vendor:Linux OSGeneration:4.X Type:general purpose Accuracy:92 Family:Linux CPEs:[cpe:/o:linux:linux_kernel:4]}
Match no 2
class 1 : Type=general purpose {Vendor:Linux OSGeneration:3.X Type:general purpose Accuracy:92 Family:Linux CPEs:[cpe:/o:linux:linux_kernel:3.18]}
Match no 3
class 1 : Type=general purpose {Vendor:Linux OSGeneration:3.X Type:general purpose Accuracy:92 Family:Linux CPEs:[cpe:/o:linux:linux_kernel:3]}
class 2 : Type=general purpose {Vendor:Linux OSGeneration:4.X Type:general purpose Accuracy:92 Family:Linux CPEs:[cpe:/o:linux:linux_kernel:4]}
Match no 4
class 1 : Type=specialized {Vendor:Crestron OSGeneration: Type:specialized Accuracy:90 Family:2-Series CPEs:[cpe:/o:crestron:2_series]}
Match no 5
class 1 : Type=general purpose {Vendor:Linux OSGeneration:3.X Type:general purpose Accuracy:89 Family:Linux CPEs:[cpe:/o:linux:linux_kernel:3.16]}
Match no 6
class 1 : Type=WAP {Vendor:Asus OSGeneration: Type:WAP Accuracy:87 Family:embedded CPEs:[cpe:/h:asus:rt-n56u]}
class 2 : Type=WAP {Vendor:Linux OSGeneration:3.X Type:WAP Accuracy:87 Family:Linux CPEs:[cpe:/o:linux:linux_kernel:3.4]}
Match no 7
class 1 : Type=general purpose {Vendor:Linux OSGeneration:3.X Type:general purpose Accuracy:87 Family:Linux CPEs:[cpe:/o:linux:linux_kernel:3.1]}
Match no 8
class 1 : Type=general purpose {Vendor:Linux OSGeneration:3.X Type:general purpose Accuracy:87 Family:Linux CPEs:[cpe:/o:linux:linux_kernel:3.2]}
Match no 9
class 1 : Type=storage-misc {Vendor:HP OSGeneration: Type:storage-misc Accuracy:87 Family:embedded CPEs:[cpe:/h:hp:p2000_g3]}
Match no 10
class 1 : Type=webcam {Vendor:Linux OSGeneration:2.6.X Type:webcam Accuracy:87 Family:Linux CPEs:[cpe:/o:linux:linux_kernel:2.6.17]}
class 2 : Type=webcam {Vendor:AXIS OSGeneration: Type:webcam Accuracy:87 Family:embedded CPEs:[cpe:/h:axis:210a_network_camera cpe:/h:axis:211_network_camera]}

host IP:  192.168.31.137 ipv4 mac manufacturer:  []
host IP:  00:0C:29:0A:1E:31 mac mac manufacturer: VMware []

host IP:  192.168.31.155 ipv4 mac manufacturer:  []
host IP:  00:0C:29:2F:29:95 mac mac manufacturer: VMware []
Match no 1
class 1 : Type=general purpose {Vendor:Microsoft OSGeneration:2012 Type:general purpose Accuracy:90 Family:Windows CPEs:[cpe:/o:microsoft:windows_server_2012]}
os type :  0x4c51c0
Match no 2
class 1 : Type=general purpose {Vendor:Microsoft OSGeneration:2012 Type:general purpose Accuracy:90 Family:Windows CPEs:[cpe:/o:microsoft:windows_server_2012:- cpe:/o:microsoft:windows_server_2012:r2]}
os type :  0x4c51c0
Match no 3
class 1 : Type=general purpose {Vendor:Microsoft OSGeneration:2012 Type:general purpose Accuracy:90 Family:Windows CPEs:[cpe:/o:microsoft:windows_server_2012:r2]}
os type :  0x4c51c0
Match no 4
class 1 : Type=general purpose {Vendor:Microsoft OSGeneration:2016 Type:general purpose Accuracy:90 Family:Windows CPEs:[cpe:/o:microsoft:windows_server_2016]}
os type :  0x4c51c0
Match no 5
class 1 : Type=general purpose {Vendor:Microsoft OSGeneration:10 Type:general purpose Accuracy:90 Family:Windows CPEs:[cpe:/o:microsoft:windows_10:1703]}
os type :  0x4c51c0
Match no 6
class 1 : Type=general purpose {Vendor:Microsoft OSGeneration:2008 Type:general purpose Accuracy:90 Family:Windows CPEs:[cpe:/o:microsoft:windows_server_2008:r2]}
os type :  0x4c51c0
Match no 7
class 1 : Type=general purpose {Vendor:Microsoft OSGeneration:Vista Type:general purpose Accuracy:90 Family:Windows CPEs:[cpe:/o:microsoft:windows_vista::sp1]}
os type :  0x4c51c0
Match no 8
class 1 : Type=general purpose {Vendor:Microsoft OSGeneration:Longhorn Type:general purpose Accuracy:89 Family:Windows CPEs:[cpe:/o:microsoft:windows]}
os type :  0x4c51c0
Match no 9
class 1 : Type=general purpose {Vendor:Microsoft OSGeneration:2012 Type:general purpose Accuracy:88 Family:Windows CPEs:[cpe:/o:microsoft:windows_server_2012:r2]}
os type :  0x4c51c0
Match no 10
class 1 : Type=general purpose {Vendor:Microsoft OSGeneration:2016 Type:general purpose Accuracy:88 Family:Windows CPEs:[cpe:/o:microsoft:windows_server_2016]}
os type :  0x4c51c0

host IP:  192.168.31.164 ipv4 mac manufacturer:  []
host IP:  00:0C:29:37:00:BF mac mac manufacturer: VMware []

host IP:  192.168.31.165 ipv4 mac manufacturer:  []
host IP:  00:0C:29:E0:EB:0A mac mac manufacturer: VMware []
Match no 1
class 1 : Type=general purpose {Vendor:Linux OSGeneration:3.X Type:general purpose Accuracy:94 Family:Linux CPEs:[cpe:/o:linux:linux_kernel:3]}
class 2 : Type=general purpose {Vendor:Linux OSGeneration:4.X Type:general purpose Accuracy:94 Family:Linux CPEs:[cpe:/o:linux:linux_kernel:4]}
Match no 2
class 1 : Type=general purpose {Vendor:Linux OSGeneration:3.X Type:general purpose Accuracy:90 Family:Linux CPEs:[cpe:/o:linux:linux_kernel:3.18]}
Match no 3
class 1 : Type=general purpose {Vendor:Linux OSGeneration:3.X Type:general purpose Accuracy:90 Family:Linux CPEs:[cpe:/o:linux:linux_kernel:3]}
class 2 : Type=general purpose {Vendor:Linux OSGeneration:4.X Type:general purpose Accuracy:90 Family:Linux CPEs:[cpe:/o:linux:linux_kernel:4]}
Match no 4
class 1 : Type=general purpose {Vendor:Linux OSGeneration:3.X Type:general purpose Accuracy:90 Family:Linux CPEs:[cpe:/o:linux:linux_kernel:3.13]}
Match no 5
class 1 : Type=general purpose {Vendor:Linux OSGeneration:3.X Type:general purpose Accuracy:90 Family:Linux CPEs:[cpe:/o:linux:linux_kernel:3.13]}
class 2 : Type=general purpose {Vendor:Linux OSGeneration:4.X Type:general purpose Accuracy:90 Family:Linux CPEs:[cpe:/o:linux:linux_kernel:4.2]}
Match no 6
class 1 : Type=general purpose {Vendor:Linux OSGeneration:4.X Type:general purpose Accuracy:90 Family:Linux CPEs:[cpe:/o:linux:linux_kernel:4.1]}
Match no 7
class 1 : Type=general purpose {Vendor:Linux OSGeneration:4.X Type:general purpose Accuracy:90 Family:Linux CPEs:[cpe:/o:linux:linux_kernel:4.10]}
Match no 8
class 1 : Type=general purpose {Vendor:Linux OSGeneration:4.X Type:general purpose Accuracy:90 Family:Linux CPEs:[cpe:/o:linux:linux_kernel:4.2]}
Match no 9
class 1 : Type=general purpose {Vendor:Linux OSGeneration:4.X Type:general purpose Accuracy:90 Family:Linux CPEs:[cpe:/o:linux:linux_kernel:4.4]}
Match no 10
class 1 : Type=WAP {Vendor:Linux OSGeneration: Type:WAP Accuracy:90 Family:Linux CPEs:[cpe:/o:linux:linux_kernel]}
class 2 : Type=WAP {Vendor:Asus OSGeneration: Type:WAP Accuracy:90 Family:embedded CPEs:[cpe:/h:asus:rt-ac66u]}

host IP:  192.168.31.185 ipv4 mac manufacturer:  []
host IP:  00:0C:29:37:00:C9 mac mac manufacturer: VMware []

host IP:  192.168.31.192 ipv4 mac manufacturer:  []
host IP:  00:0C:29:0C:39:41 mac mac manufacturer: VMware []

host IP:  192.168.31.195 ipv4 mac manufacturer:  []
host IP:  00:0C:29:8E:F1:D1 mac mac manufacturer: VMware []
Match no 1
class 1 : Type=general purpose {Vendor:Microsoft OSGeneration:2012 Type:general purpose Accuracy:90 Family:Windows CPEs:[cpe:/o:microsoft:windows_server_2012]}
os type :  0x4c51c0
Match no 2
class 1 : Type=general purpose {Vendor:Microsoft OSGeneration:2012 Type:general purpose Accuracy:90 Family:Windows CPEs:[cpe:/o:microsoft:windows_server_2012:- cpe:/o:microsoft:windows_server_2012:r2]}
os type :  0x4c51c0
Match no 3
class 1 : Type=general purpose {Vendor:Microsoft OSGeneration:2012 Type:general purpose Accuracy:90 Family:Windows CPEs:[cpe:/o:microsoft:windows_server_2012:r2]}
os type :  0x4c51c0
Match no 4
class 1 : Type=general purpose {Vendor:Microsoft OSGeneration:2016 Type:general purpose Accuracy:90 Family:Windows CPEs:[cpe:/o:microsoft:windows_server_2016]}
os type :  0x4c51c0
Match no 5
class 1 : Type=general purpose {Vendor:Microsoft OSGeneration:10 Type:general purpose Accuracy:90 Family:Windows CPEs:[cpe:/o:microsoft:windows_10:1703]}
os type :  0x4c51c0
Match no 6
class 1 : Type=general purpose {Vendor:Microsoft OSGeneration:2008 Type:general purpose Accuracy:90 Family:Windows CPEs:[cpe:/o:microsoft:windows_server_2008:r2]}
os type :  0x4c51c0
Match no 7
class 1 : Type=general purpose {Vendor:Microsoft OSGeneration:Vista Type:general purpose Accuracy:90 Family:Windows CPEs:[cpe:/o:microsoft:windows_vista::sp1]}
os type :  0x4c51c0
Match no 8
class 1 : Type=general purpose {Vendor:Microsoft OSGeneration:Longhorn Type:general purpose Accuracy:89 Family:Windows CPEs:[cpe:/o:microsoft:windows]}
os type :  0x4c51c0
Match no 9
class 1 : Type=general purpose {Vendor:Microsoft OSGeneration:2012 Type:general purpose Accuracy:88 Family:Windows CPEs:[cpe:/o:microsoft:windows_server_2012:r2]}
os type :  0x4c51c0
Match no 10
class 1 : Type=general purpose {Vendor:Microsoft OSGeneration:2016 Type:general purpose Accuracy:88 Family:Windows CPEs:[cpe:/o:microsoft:windows_server_2016]}
os type :  0x4c51c0

host IP:  192.168.31.200 ipv4 mac manufacturer:  []
host IP:  00:0C:29:B0:23:C5 mac mac manufacturer: VMware []
Match no 1
class 1 : Type=general purpose {Vendor:Microsoft OSGeneration:2016 Type:general purpose Accuracy:95 Family:Windows CPEs:[cpe:/o:microsoft:windows_server_2016]}
os type :  0x4c51c0
Match no 2
class 1 : Type=general purpose {Vendor:Microsoft OSGeneration:2012 Type:general purpose Accuracy:95 Family:Windows CPEs:[cpe:/o:microsoft:windows_server_2012:r2]}
os type :  0x4c51c0
Match no 3
class 1 : Type=general purpose {Vendor:Microsoft OSGeneration:2012 Type:general purpose Accuracy:93 Family:Windows CPEs:[cpe:/o:microsoft:windows_server_2012:- cpe:/o:microsoft:windows_server_2012:r2]}
os type :  0x4c51c0
Match no 4
class 1 : Type=general purpose {Vendor:Microsoft OSGeneration:2016 Type:general purpose Accuracy:93 Family:Windows CPEs:[cpe:/o:microsoft:windows_server_2016]}
os type :  0x4c51c0
Match no 5
class 1 : Type=general purpose {Vendor:Microsoft OSGeneration:10 Type:general purpose Accuracy:92 Family:Windows CPEs:[cpe:/o:microsoft:windows_10]}
os type :  0x4c51c0
Match no 6
class 1 : Type=general purpose {Vendor:Microsoft OSGeneration:10 Type:general purpose Accuracy:91 Family:Windows CPEs:[cpe:/o:microsoft:windows_10:1507]}
os type :  0x4c51c0
Match no 7
class 1 : Type=general purpose {Vendor:Microsoft OSGeneration:10 Type:general purpose Accuracy:91 Family:Windows CPEs:[cpe:/o:microsoft:windows_10]}
os type :  0x4c51c0
Match no 8
class 1 : Type=general purpose {Vendor:Microsoft OSGeneration:10 Type:general purpose Accuracy:91 Family:Windows CPEs:[cpe:/o:microsoft:windows_10:1511]}
os type :  0x4c51c0
Match no 9
class 1 : Type=general purpose {Vendor:Microsoft OSGeneration:2012 Type:general purpose Accuracy:91 Family:Windows CPEs:[cpe:/o:microsoft:windows_server_2012]}
os type :  0x4c51c0
Match no 10
class 1 : Type=general purpose {Vendor:Microsoft OSGeneration:2012 Type:general purpose Accuracy:91 Family:Windows CPEs:[cpe:/o:microsoft:windows_server_2012:r2]}
os type :  0x4c51c0

host IP:  192.168.31.214 ipv4 mac manufacturer:  []
host IP:  00:0C:29:67:88:B7 mac mac manufacturer: VMware []

host IP:  192.168.31.215 ipv4 mac manufacturer:  []
host IP:  00:0C:29:13:49:7C mac mac manufacturer: VMware []
Match no 1
class 1 : Type=specialized {Vendor:Crestron OSGeneration: Type:specialized Accuracy:90 Family:2-Series CPEs:[cpe:/o:crestron:2_series]}
Match no 2
class 1 : Type=general purpose {Vendor:Linux OSGeneration:2.6.X Type:general purpose Accuracy:90 Family:Linux CPEs:[cpe:/o:linux:linux_kernel:2.6.32]}
Match no 3
class 1 : Type=WAP {Vendor:Asus OSGeneration: Type:WAP Accuracy:87 Family:embedded CPEs:[cpe:/h:asus:rt-n56u]}
class 2 : Type=WAP {Vendor:Linux OSGeneration:3.X Type:WAP Accuracy:87 Family:Linux CPEs:[cpe:/o:linux:linux_kernel:3.4]}
Match no 4
class 1 : Type=general purpose {Vendor:Linux OSGeneration:3.X Type:general purpose Accuracy:87 Family:Linux CPEs:[cpe:/o:linux:linux_kernel:3.1]}
Match no 5
class 1 : Type=general purpose {Vendor:Linux OSGeneration:3.X Type:general purpose Accuracy:87 Family:Linux CPEs:[cpe:/o:linux:linux_kernel:3.16]}
Match no 6
class 1 : Type=general purpose {Vendor:Linux OSGeneration:3.X Type:general purpose Accuracy:87 Family:Linux CPEs:[cpe:/o:linux:linux_kernel:3.2]}
Match no 7
class 1 : Type=storage-misc {Vendor:HP OSGeneration: Type:storage-misc Accuracy:87 Family:embedded CPEs:[cpe:/h:hp:p2000_g3]}
Match no 8
class 1 : Type=webcam {Vendor:Linux OSGeneration:2.6.X Type:webcam Accuracy:87 Family:Linux CPEs:[cpe:/o:linux:linux_kernel:2.6.17]}
class 2 : Type=webcam {Vendor:AXIS OSGeneration: Type:webcam Accuracy:87 Family:embedded CPEs:[cpe:/h:axis:210a_network_camera cpe:/h:axis:211_network_camera]}
Match no 9
class 1 : Type=specialized {Vendor:Adtran OSGeneration: Type:specialized Accuracy:86 Family:embedded CPEs:[cpe:/h:adtran:424rg]}
Match no 10
class 1 : Type=general purpose {Vendor:Linux OSGeneration:2.6.X Type:general purpose Accuracy:86 Family:Linux CPEs:[cpe:/o:linux:linux_kernel:2.6]}
class 2 : Type=general purpose {Vendor:Linux OSGeneration:3.X Type:general purpose Accuracy:86 Family:Linux CPEs:[cpe:/o:linux:linux_kernel:3]}

host IP:  192.168.31.243 ipv4 mac manufacturer:  []
host IP:  00:45:1D:85:28:85 mac mac manufacturer: Cisco Systems []
Match no 1
class 1 : Type=general purpose {Vendor:Sun OSGeneration:9 Type:general purpose Accuracy:88 Family:Solaris CPEs:[cpe:/o:sun:sunos:5.9]}
Match no 2
class 1 : Type=WAP {Vendor:Netgear OSGeneration: Type:WAP Accuracy:87 Family:embedded CPEs:[cpe:/h:netgear:wgr614v7]}
Match no 3
class 1 : Type=general purpose {Vendor:Sun OSGeneration:10 Type:general purpose Accuracy:85 Family:Solaris CPEs:[cpe:/o:sun:sunos:5.10]}
Match no 4
class 1 : Type=general purpose {Vendor:Sun OSGeneration:9 Type:general purpose Accuracy:85 Family:Solaris CPEs:[cpe:/o:sun:sunos:5.9]}
class 2 : Type=general purpose {Vendor:Sun OSGeneration:10 Type:general purpose Accuracy:85 Family:Solaris CPEs:[cpe:/o:sun:sunos:5.10]}
Match no 5
class 1 : Type=printer {Vendor:HP OSGeneration: Type:printer Accuracy:85 Family:embedded CPEs:[]}

host IP:  192.168.31.245 ipv4 mac manufacturer:  []
host IP:  C6:68:23:6C:8C:7A mac mac manufacturer:  []
Match no 1
class 1 : Type=general purpose {Vendor:Linux OSGeneration:2.6.X Type:general purpose Accuracy:95 Family:Linux CPEs:[cpe:/o:linux:linux_kernel:2.6.32]}
Match no 2
class 1 : Type=general purpose {Vendor:Linux OSGeneration:3.X Type:general purpose Accuracy:95 Family:Linux CPEs:[cpe:/o:linux:linux_kernel:3.1]}
Match no 3
class 1 : Type=general purpose {Vendor:Linux OSGeneration:3.X Type:general purpose Accuracy:95 Family:Linux CPEs:[cpe:/o:linux:linux_kernel:3.2]}
Match no 4
class 1 : Type=webcam {Vendor:Linux OSGeneration:2.6.X Type:webcam Accuracy:94 Family:Linux CPEs:[cpe:/o:linux:linux_kernel:2.6.17]}
class 2 : Type=webcam {Vendor:AXIS OSGeneration: Type:webcam Accuracy:94 Family:embedded CPEs:[cpe:/h:axis:210a_network_camera cpe:/h:axis:211_network_camera]}
Match no 5
class 1 : Type=WAP {Vendor:Asus OSGeneration: Type:WAP Accuracy:93 Family:embedded CPEs:[cpe:/h:asus:rt-n56u]}
class 2 : Type=WAP {Vendor:Linux OSGeneration:3.X Type:WAP Accuracy:93 Family:Linux CPEs:[cpe:/o:linux:linux_kernel:3.4]}
Match no 6
class 1 : Type=general purpose {Vendor:Linux OSGeneration:3.X Type:general purpose Accuracy:93 Family:Linux CPEs:[cpe:/o:linux:linux_kernel:3.16]}
Match no 7
class 1 : Type=general purpose {Vendor:Linux OSGeneration:3.X Type:general purpose Accuracy:92 Family:Linux CPEs:[cpe:/o:linux:linux_kernel:3]}
Match no 8
class 1 : Type=general purpose {Vendor:Linux OSGeneration:3.X Type:general purpose Accuracy:92 Family:Linux CPEs:[cpe:/o:linux:linux_kernel:3.11]}
Match no 9
class 1 : Type=general purpose {Vendor:Linux OSGeneration:3.X Type:general purpose Accuracy:92 Family:Linux CPEs:[cpe:/o:linux:linux_kernel:3]}
class 2 : Type=general purpose {Vendor:Linux OSGeneration:4.X Type:general purpose Accuracy:92 Family:Linux CPEs:[cpe:/o:linux:linux_kernel:4]}
Match no 10
class 1 : Type=general purpose {Vendor:Linux OSGeneration:3.X Type:general purpose Accuracy:92 Family:Linux CPEs:[cpe:/o:linux:linux_kernel:3]}

host IP:  192.168.31.249 ipv4 mac manufacturer:  []
host IP:  00:22:4D:B2:0F:2D mac mac manufacturer: Mitac International []
Match no 1
class 1 : Type=general purpose {Vendor:Linux OSGeneration:2.6.X Type:general purpose Accuracy:95 Family:Linux CPEs:[cpe:/o:linux:linux_kernel:2.6.32]}
Match no 2
class 1 : Type=general purpose {Vendor:Linux OSGeneration:3.X Type:general purpose Accuracy:95 Family:Linux CPEs:[cpe:/o:linux:linux_kernel:3.1]}
Match no 3
class 1 : Type=general purpose {Vendor:Linux OSGeneration:3.X Type:general purpose Accuracy:95 Family:Linux CPEs:[cpe:/o:linux:linux_kernel:3.2]}
Match no 4
class 1 : Type=webcam {Vendor:Linux OSGeneration:2.6.X Type:webcam Accuracy:94 Family:Linux CPEs:[cpe:/o:linux:linux_kernel:2.6.17]}
class 2 : Type=webcam {Vendor:AXIS OSGeneration: Type:webcam Accuracy:94 Family:embedded CPEs:[cpe:/h:axis:210a_network_camera cpe:/h:axis:211_network_camera]}
Match no 5
class 1 : Type=WAP {Vendor:Asus OSGeneration: Type:WAP Accuracy:93 Family:embedded CPEs:[cpe:/h:asus:rt-n56u]}
class 2 : Type=WAP {Vendor:Linux OSGeneration:3.X Type:WAP Accuracy:93 Family:Linux CPEs:[cpe:/o:linux:linux_kernel:3.4]}
Match no 6
class 1 : Type=general purpose {Vendor:Linux OSGeneration:3.X Type:general purpose Accuracy:93 Family:Linux CPEs:[cpe:/o:linux:linux_kernel:3.16]}
Match no 7
class 1 : Type=specialized {Vendor:Adtran OSGeneration: Type:specialized Accuracy:92 Family:embedded CPEs:[cpe:/h:adtran:424rg]}
Match no 8
class 1 : Type=general purpose {Vendor:Linux OSGeneration:2.6.X Type:general purpose Accuracy:92 Family:Linux CPEs:[cpe:/o:linux:linux_kernel:2.6]}
class 2 : Type=general purpose {Vendor:Linux OSGeneration:3.X Type:general purpose Accuracy:92 Family:Linux CPEs:[cpe:/o:linux:linux_kernel:3]}
Match no 9
class 1 : Type=general purpose {Vendor:Linux OSGeneration:3.X Type:general purpose Accuracy:92 Family:Linux CPEs:[cpe:/o:linux:linux_kernel:3]}
Match no 10
class 1 : Type=general purpose {Vendor:Linux OSGeneration:3.X Type:general purpose Accuracy:92 Family:Linux CPEs:[cpe:/o:linux:linux_kernel:3.11]}

host IP:  192.168.31.250 ipv4 mac manufacturer:  []
host IP:  04:6C:9D:CD:D3:D7 mac mac manufacturer: Cisco Systems []
Match no 1
class 1 : Type=switch {Vendor:Cisco OSGeneration: Type:switch Accuracy:100 Family:embedded CPEs:[cpe:/h:cisco:sf300 cpe:/h:cisco:sg300]}

host IP:  192.168.31.254 ipv4 mac manufacturer:  [_gateway]
host IP:  B0:7D:47:54:18:6F mac mac manufacturer: Cisco Systems [_gateway]
Match no 1
class 1 : Type=router {Vendor:Cisco OSGeneration:12.X Type:router Accuracy:98 Family:IOS CPEs:[cpe:/h:cisco:836_router cpe:/h:cisco:890_router cpe:/h:cisco:1751_router cpe:/h:cisco:2800_router cpe:/o:cisco:ios:12]}
class 2 : Type=router {Vendor:Cisco OSGeneration:15.X Type:router Accuracy:98 Family:IOS CPEs:[cpe:/h:cisco:1841_router cpe:/h:cisco:2900_router cpe:/o:cisco:ios:15]}
Match no 2
class 1 : Type=WAP {Vendor:Cisco OSGeneration:12.X Type:WAP Accuracy:98 Family:IOS CPEs:[cpe:/o:cisco:ios:12.4]}
class 2 : Type=WAP {Vendor:Cisco OSGeneration:15.X Type:WAP Accuracy:98 Family:IOS CPEs:[cpe:/h:cisco:aironet_1141n cpe:/h:cisco:aironet_3602i cpe:/o:cisco:ios:12.4 cpe:/o:cisco:ios:15.3]}
Match no 3
class 1 : Type=WAP {Vendor:Cisco OSGeneration:15.X Type:WAP Accuracy:98 Family:IOS CPEs:[cpe:/o:cisco:ios:15.2]}
Match no 4
class 1 : Type=router {Vendor:Cisco OSGeneration:12.X Type:router Accuracy:98 Family:IOS CPEs:[cpe:/h:cisco:877_router cpe:/o:cisco:ios:12.4]}
Match no 5
class 1 : Type=router {Vendor:Cisco OSGeneration:12.X Type:router Accuracy:97 Family:IOS CPEs:[cpe:/h:cisco:1841_integrated_services_router cpe:/o:cisco:ios:12.4]}
Match no 6
class 1 : Type=router {Vendor:Cisco OSGeneration:12.X Type:router Accuracy:97 Family:IOS CPEs:[cpe:/o:cisco:ios:12.4]}
class 2 : Type=router {Vendor:Cisco OSGeneration:15.X Type:router Accuracy:97 Family:IOS-XE CPEs:[cpe:/o:cisco:ios_xe:15.3]}
Match no 7
class 1 : Type=router {Vendor:Cisco OSGeneration:12.X Type:router Accuracy:97 Family:IOS CPEs:[cpe:/h:cisco:1841_integrated_services_router cpe:/o:cisco:ios:12]}
Match no 8
class 1 : Type=router {Vendor:Cisco OSGeneration:12.X Type:router Accuracy:97 Family:IOS CPEs:[cpe:/h:cisco:860_router cpe:/h:cisco:870_router cpe:/o:cisco:ios:12.4]}
Match no 9
class 1 : Type=router {Vendor:Cisco OSGeneration:15.X Type:router Accuracy:96 Family:IOS CPEs:[cpe:/o:cisco:ios:15]}
Match no 10
class 1 : Type=router {Vendor:Cisco OSGeneration:12.X Type:router Accuracy:96 Family:IOS CPEs:[cpe:/h:cisco:860_router cpe:/h:cisco:880_router cpe:/o:cisco:ios:12.4]}
class 2 : Type=router {Vendor:Cisco OSGeneration:15.X Type:router Accuracy:96 Family:IOS CPEs:[cpe:/h:cisco:880_router cpe:/o:cisco:ios:15.0]}

host IP:  192.168.31.144 ipv4 mac manufacturer:  [GS-5619]
Match no 1
class 1 : Type=general purpose {Vendor:Linux OSGeneration:2.6.X Type:general purpose Accuracy:100 Family:Linux CPEs:[cpe:/o:linux:linux_kernel:2.6.32]}

Discovered 89 linux hosts and 109 windows hosts out of 38 total up hosts.
